<?xml version="1.0" encoding="UTF-8"?>
<!-- Generated by org.testng.reporters.JUnitReportReporter -->
<testsuite hostname="a1999fb5f28e" failures="0" tests="20" name="com.vinsguru.tests.flightreservation.FlightReservationTest" time="112.784" errors="0" timestamp="2023-12-08T02:14:07 GMT" skipped="0">
  <testcase classname="com.vinsguru.tests.flightreservation.FlightReservationTest" name="flightsSelTest" time="2.338"/>
  <testcase classname="com.vinsguru.tests.flightreservation.FlightReservationTest" name="flightsSelTest" time="2.880"/>
  <testcase classname="com.vinsguru.tests.flightreservation.FlightReservationTest" name="userRegTest" time="21.337"/>
  <testcase classname="com.vinsguru.tests.flightreservation.FlightReservationTest" name="regConfirmTest" time="2.349"/>
  <testcase classname="com.vinsguru.tests.flightreservation.FlightReservationTest" name="regConfirmTest" time="0.898"/>
  <testcase classname="com.vinsguru.tests.flightreservation.FlightReservationTest" name="regConfirmTest" time="2.061"/>
  <testcase classname="com.vinsguru.tests.flightreservation.FlightReservationTest" name="flightsSearchTest" time="1.372"/>
  <testcase classname="com.vinsguru.tests.flightreservation.FlightReservationTest" name="flightsConfTest" time="0.762"/>
  <testcase classname="com.vinsguru.tests.flightreservation.FlightReservationTest" name="flightsSearchTest" time="3.827"/>
  <testcase classname="com.vinsguru.tests.flightreservation.FlightReservationTest" name="userRegTest" time="21.313"/>
  <testcase classname="com.vinsguru.tests.flightreservation.FlightReservationTest" name="flightsSelTest" time="2.859"/>
  <testcase classname="com.vinsguru.tests.flightreservation.FlightReservationTest" name="userRegTest" time="13.646"/>
  <testcase classname="com.vinsguru.tests.flightreservation.FlightReservationTest" name="flightsSelTest" time="1.997"/>
  <testcase classname="com.vinsguru.tests.flightreservation.FlightReservationTest" name="flightsConfTest" time="2.177"/>
  <testcase classname="com.vinsguru.tests.flightreservation.FlightReservationTest" name="regConfirmTest" time="0.390"/>
  <testcase classname="com.vinsguru.tests.flightreservation.FlightReservationTest" name="flightsConfTest" time="2.170"/>
  <testcase classname="com.vinsguru.tests.flightreservation.FlightReservationTest" name="flightsSearchTest" time="4.386"/>
  <testcase classname="com.vinsguru.tests.flightreservation.FlightReservationTest" name="flightsSearchTest" time="2.960"/>
  <testcase classname="com.vinsguru.tests.flightreservation.FlightReservationTest" name="flightsConfTest" time="2.065"/>
  <testcase classname="com.vinsguru.tests.flightreservation.FlightReservationTest" name="userRegTest" time="20.997"/>
</testsuite> <!-- com.vinsguru.tests.flightreservation.FlightReservationTest -->
